

Microchip MPLAB XC8 Assembler V2.05 build -831301201 
                                                                                               Sat Aug 01 02:34:41 2020

Microchip MPLAB XC8 C Compiler v2.05 (Free license) build 20181220022703 Og1 
     1                           	processor	18F26K83
     2                           	fnconf	rparam,??,?,0
     3                           	opt	pw 120
     4                           	opt	flic
     5                           	psect	cinit,global,reloc=2,class=CODE,delta=1
     6                           	psect	cstackCOMRAM,global,class=COMRAM,space=1,delta=1,noexec
     7                           	psect	text0,global,reloc=2,class=CODE,delta=1
     8                           	psect	text1,global,reloc=2,class=CODE,delta=1
     9                           	psect	text2,global,reloc=2,class=CODE,delta=1
    10                           	psect	text3,global,reloc=2,class=CODE,delta=1
    11                           	psect	text4,global,reloc=2,class=CODE,delta=1
    12                           	psect	text5,global,reloc=2,class=CODE,delta=1
    13                           	psect	text6,global,reloc=2,class=CODE,delta=1
    14                           	psect	text7,global,reloc=2,class=CODE,delta=1
    15                           	psect	text8,global,reloc=2,class=CODE,delta=1
    16                           	psect	text9,global,reloc=2,class=CODE,delta=1
    17                           	psect	intsave_regs,global,class=BIGRAM,space=1,delta=1,noexec
    18                           	psect	rparam,global,class=COMRAM,space=1,delta=1,noexec
    19  0000                     
    20                           ; Version 2.05
    21                           ; Generated 20/12/2018 GMT
    22                           ; 
    23                           ; Copyright © 2018, Microchip Technology Inc. and its subsidiaries ("Microchip")
    24                           ; All rights reserved.
    25                           ; 
    26                           ; This software is developed by Microchip Technology Inc. and its subsidiaries ("Microch
      +                          ip").
    27                           ; 
    28                           ; Redistribution and use in source and binary forms, with or without modification, are
    29                           ; permitted provided that the following conditions are met:
    30                           ; 
    31                           ;     1. Redistributions of source code must retain the above copyright notice, this lis
      +                          t of
    32                           ;        conditions and the following disclaimer.
    33                           ; 
    34                           ;     2. Redistributions in binary form must reproduce the above copyright notice, this 
      +                          list
    35                           ;        of conditions and the following disclaimer in the documentation and/or other
    36                           ;        materials provided with the distribution.
    37                           ; 
    38                           ;     3. Microchip's name may not be used to endorse or promote products derived from th
      +                          is
    39                           ;        software without specific prior written permission.
    40                           ; 
    41                           ; THIS SOFTWARE IS PROVIDED BY MICROCHIP "AS IS" AND ANY EXPRESS OR IMPLIED WARRANTIES,
    42                           ; INCLUDING, BUT NOT LIMITED TO, THE IMPLIED WARRANTIES OF MERCHANTABILITY AND FITNESS F
      +                          OR
    43                           ; PURPOSE ARE DISCLAIMED.  IN NO EVENT SHALL MICROCHIP BE LIABLE FOR ANY DIRECT, INDIREC
      +                          T,
    44                           ; INCIDENTAL, SPECIAL, EXEMPLARY, OR CONSEQUENTIAL DAMAGES (INCLUDING BUT NOT LIMITED TO
    45                           ; PROCUREMENT OF SUBSTITUTE GOODS OR SERVICES; LOSS OF USE, DATA OR PROFITS; OR BUSINESS
    46                           ; INTERRUPTION) HOWSOEVER CAUSED AND ON ANY THEORY OF LIABILITY, WHETHER IN CONTRACT, ST
      +                          RICT
    47                           ; LIABILITY, OR TORT (INCLUDING NEGLIGENCE OR OTHERWISE) ARISING IN ANY WAY OUT OF THE U
      +                          SE OF
    48                           ; THIS SOFTWARE, EVEN IF ADVISED OF THE POSSIBILITY OF SUCH DAMAGE.
    49                           ; 
    50                           ; 
    51                           ; Code-generator required, PIC18F26K83 Definitions
    52                           ; 
    53                           ; SFR Addresses
    54  0000                     _RXB1D7	set	14333
    55  0000                     _RXB1D6	set	14332
    56  0000                     _RXB1D5	set	14331
    57  0000                     _RXB1D4	set	14330
    58  0000                     _RXB1D3	set	14329
    59  0000                     _RXB1D2	set	14328
    60  0000                     _RXB1D1	set	14327
    61  0000                     _RXB1D0	set	14326
    62  0000                     _RXB1DLC	set	14325
    63  0000                     _RXB1SIDH	set	14321
    64  0000                     _RXB1EIDL	set	14324
    65  0000                     _RXB1EIDH	set	14323
    66  0000                     _RXB1SIDL	set	14322
    67  0000                     _RXB1CONbits	set	14320
    68  0000                     _TXB2D7	set	14285
    69  0000                     _TXB2D6	set	14284
    70  0000                     _TXB2D5	set	14283
    71  0000                     _TXB2D4	set	14282
    72  0000                     _TXB2D3	set	14281
    73  0000                     _TXB2D2	set	14280
    74  0000                     _TXB2D1	set	14279
    75  0000                     _TXB2D0	set	14278
    76  0000                     _TXB2DLC	set	14277
    77  0000                     _TXB2SIDL	set	14274
    78  0000                     _TXB2SIDH	set	14273
    79  0000                     _TXB2EIDL	set	14276
    80  0000                     _TXB2EIDH	set	14275
    81  0000                     _TXB2CONbits	set	14272
    82  0000                     _TXB1D7	set	14301
    83  0000                     _TXB1D6	set	14300
    84  0000                     _TXB1D5	set	14299
    85  0000                     _TXB1D4	set	14298
    86  0000                     _TXB1D3	set	14297
    87  0000                     _TXB1D2	set	14296
    88  0000                     _TXB1D1	set	14295
    89  0000                     _TXB1D0	set	14294
    90  0000                     _TXB1DLC	set	14293
    91  0000                     _TXB1SIDL	set	14290
    92  0000                     _TXB1SIDH	set	14289
    93  0000                     _TXB1EIDL	set	14292
    94  0000                     _TXB1EIDH	set	14291
    95  0000                     _TXB1CONbits	set	14288
    96  0000                     _TXB0D7	set	14317
    97  0000                     _TXB0D6	set	14316
    98  0000                     _TXB0D5	set	14315
    99  0000                     _TXB0D4	set	14314
   100  0000                     _TXB0D3	set	14313
   101  0000                     _TXB0D2	set	14312
   102  0000                     _TXB0D1	set	14311
   103  0000                     _TXB0D0	set	14310
   104  0000                     _TXB0DLC	set	14309
   105  0000                     _TXB0SIDL	set	14306
   106  0000                     _TXB0SIDH	set	14305
   107  0000                     _TXB0EIDL	set	14308
   108  0000                     _TXB0EIDH	set	14307
   109  0000                     _TXB0CONbits	set	14304
   110  0000                     _BRGCON3	set	14085
   111  0000                     _BRGCON2	set	14084
   112  0000                     _BRGCON1	set	14083
   113  0000                     _RXF5SIDL	set	14261
   114  0000                     _RXF5SIDH	set	14260
   115  0000                     _RXF5EIDL	set	14263
   116  0000                     _RXF5EIDH	set	14262
   117  0000                     _RXF4SIDL	set	14257
   118  0000                     _RXF4SIDH	set	14256
   119  0000                     _RXF4EIDL	set	14259
   120  0000                     _RXF4EIDH	set	14258
   121  0000                     _RXF3SIDL	set	14253
   122  0000                     _RXF3SIDH	set	14252
   123  0000                     _RXF3EIDL	set	14255
   124  0000                     _RXF3EIDH	set	14254
   125  0000                     _RXF2SIDL	set	14249
   126  0000                     _RXF2SIDH	set	14248
   127  0000                     _RXF2EIDL	set	14251
   128  0000                     _RXF2EIDH	set	14250
   129  0000                     _RXF1SIDL	set	14245
   130  0000                     _RXF1SIDH	set	14244
   131  0000                     _RXF1EIDL	set	14247
   132  0000                     _RXF1EIDH	set	14246
   133  0000                     _RXF0SIDL	set	14241
   134  0000                     _RXF0SIDH	set	14240
   135  0000                     _RXF0EIDL	set	14243
   136  0000                     _RXF0EIDH	set	14242
   137  0000                     _RXM1SIDL	set	14269
   138  0000                     _RXM1SIDH	set	14268
   139  0000                     _RXM1EIDL	set	14271
   140  0000                     _RXM1EIDH	set	14270
   141  0000                     _RXM0SIDL	set	14265
   142  0000                     _RXM0SIDH	set	14264
   143  0000                     _RXM0EIDL	set	14267
   144  0000                     _RXM0EIDH	set	14266
   145  0000                     _CIOCON	set	14080
   146  0000                     _PIR4bits	set	14756
   147  0000                     _PIE5bits	set	14741
   148  0000                     _PIR5bits	set	14757
   149  0000                     _PMD7	set	14791
   150  0000                     _PMD6	set	14790
   151  0000                     _PMD5	set	14789
   152  0000                     _PMD4	set	14788
   153  0000                     _PMD3	set	14787
   154  0000                     _PMD2	set	14786
   155  0000                     _PMD1	set	14785
   156  0000                     _PMD0	set	14784
   157  0000                     _OSCTUNE	set	14814
   158  0000                     _OSCFRQ	set	14815
   159  0000                     _OSCEN	set	14813
   160  0000                     _OSCCON3	set	14811
   161  0000                     _OSCCON1	set	14809
   162  0000                     _INLVLE	set	14980
   163  0000                     _INLVLC	set	14948
   164  0000                     _INLVLB	set	14932
   165  0000                     _INLVLA	set	14916
   166  0000                     _SLRCONC	set	14947
   167  0000                     _SLRCONB	set	14931
   168  0000                     _SLRCONA	set	14915
   169  0000                     _ODCONC	set	14946
   170  0000                     _ODCONB	set	14930
   171  0000                     _ODCONA	set	14914
   172  0000                     _WPUC	set	14945
   173  0000                     _WPUA	set	14913
   174  0000                     _WPUB	set	14929
   175  0000                     _WPUE	set	14977
   176  0000                     _ANSELA	set	14912
   177  0000                     _ANSELB	set	14928
   178  0000                     _ANSELC	set	14944
   179  0000                     _CCPTMRS1bits	set	16223
   180  0000                     _PWM7DCL	set	16228
   181  0000                     _PWM7DCH	set	16229
   182  0000                     _PWM7CON	set	16230
   183  0000                     _PR2	set	16299
   184  0000                     _TMR2	set	16298
   185  0000                     _T2CONbits	set	16300
   186  0000                     _T2RSTbits	set	16303
   187  0000                     _T2HLTbits	set	16301
   188  0000                     _T2CON	set	16300
   189  0000                     _T2TMR	set	16298
   190  0000                     _T2PR	set	16299
   191  0000                     _T2RST	set	16303
   192  0000                     _T2HLT	set	16301
   193  0000                     _T2CLKCON	set	16302
   194  0000                     _PWM6DCL	set	16232
   195  0000                     _PWM6DCH	set	16233
   196  0000                     _PWM6CON	set	16234
   197  0000                     _PWM5DCL	set	16236
   198  0000                     _PWM5DCH	set	16237
   199  0000                     _PWM5CON	set	16238
   200  0000                     _COMSTATbits	set	16272
   201  0000                     _RXB0D7	set	16269
   202  0000                     _RXB0D6	set	16268
   203  0000                     _RXB0D5	set	16267
   204  0000                     _RXB0D4	set	16266
   205  0000                     _RXB0D3	set	16265
   206  0000                     _RXB0D2	set	16264
   207  0000                     _RXB0D1	set	16263
   208  0000                     _RXB0D0	set	16262
   209  0000                     _RXB0DLC	set	16261
   210  0000                     _RXB0SIDH	set	16257
   211  0000                     _RXB0EIDL	set	16260
   212  0000                     _RXB0EIDH	set	16259
   213  0000                     _RXB0SIDL	set	16258
   214  0000                     _RXB0CONbits	set	16256
   215  0000                     _ECANCON	set	16273
   216  0000                     _CANSTAT	set	16270
   217  0000                     _CANCON	set	16271
   218  0000                     _TRISC	set	16324
   219  0000                     _TRISB	set	16323
   220  0000                     _TRISA	set	16322
   221  0000                     _LATC	set	16316
   222  0000                     _LATB	set	16315
   223  0000                     _LATA	set	16314
   224                           
   225                           ; #config settings
   226  0000                     
   227                           	psect	cinit
   228  00FE3E                     __pcinit:
   229                           	opt callstack 0
   230  00FE3E                     start_initialization:
   231                           	opt callstack 0
   232  00FE3E                     __initialization:
   233                           	opt callstack 0
   234  00FE3E                     end_of_initialization:
   235                           	opt callstack 0
   236  00FE3E                     __end_of__initialization:
   237                           	opt callstack 0
   238  00FE3E  0100               	movlb	0
   239  00FE40  EF1C  F07F         	goto	_main	;jump to C main() function
   240                           
   241                           	psect	cstackCOMRAM
   242  000001                     __pcstackCOMRAM:
   243                           	opt callstack 0
   244  000001                     ??_ECAN_Initialize:
   245  000001                     
   246                           ; 1 bytes @ 0x0
   247  000001                     	ds	1
   248  000002                     
   249                           ; 1 bytes @ 0x1
   250 ;;
   251 ;;Main: autosize = 0, tempsize = 0, incstack = 0, save=0
   252 ;;
   253 ;; *************** function _main *****************
   254 ;; Defined at:
   255 ;;		line 49 in file "main.c"
   256 ;; Parameters:    Size  Location     Type
   257 ;;		None
   258 ;; Auto vars:     Size  Location     Type
   259 ;;		None
   260 ;; Return value:  Size  Location     Type
   261 ;;                  1    wreg      void 
   262 ;; Registers used:
   263 ;;		wreg, status,2, status,0, cstack
   264 ;; Tracked objects:
   265 ;;		On entry : 0/0
   266 ;;		On exit  : 0/0
   267 ;;		Unchanged: 0/0
   268 ;; Data sizes:     COMRAM   BANK0   BANK1   BANK2   BANK3   BANK4   BANK5   BANK6   BANK7   BANK8   BANK9  BANK10  BANK1
      +1  BANK12  BANK13  BANK14  BANK15
   269 ;;      Params:         0       0       0       0       0       0       0       0       0       0       0       0       
      +0       0       0       0       0
   270 ;;      Locals:         0       0       0       0       0       0       0       0       0       0       0       0       
      +0       0       0       0       0
   271 ;;      Temps:          0       0       0       0       0       0       0       0       0       0       0       0       
      +0       0       0       0       0
   272 ;;      Totals:         0       0       0       0       0       0       0       0       0       0       0       0       
      +0       0       0       0       0
   273 ;;Total ram usage:        0 bytes
   274 ;; Hardware stack levels required when called:    2
   275 ;; This function calls:
   276 ;;		_SYSTEM_Initialize
   277 ;; This function is called by:
   278 ;;		Startup code after reset
   279 ;; This function uses a non-reentrant model
   280 ;;
   281                           
   282                           	psect	text0
   283  00FE38                     __ptext0:
   284                           	opt callstack 0
   285  00FE38                     _main:
   286                           	opt callstack 29
   287                           
   288                           ;main.c: 52:     SYSTEM_Initialize();
   289                           
   290                           ;incstack = 0
   291  00FE38  EC61  F07F         	call	_SYSTEM_Initialize	;wreg free
   292  00FE3C                     l7:
   293                           
   294                           ;main.c: 65:     {;main.c: 67:     }
   295  00FE3C  D7FF               	goto	l7
   296  00FE3E                     __end_of_main:
   297                           	opt callstack 0
   298                           
   299 ;; *************** function _SYSTEM_Initialize *****************
   300 ;; Defined at:
   301 ;;		line 50 in file "mcc_generated_files/mcc.c"
   302 ;; Parameters:    Size  Location     Type
   303 ;;		None
   304 ;; Auto vars:     Size  Location     Type
   305 ;;		None
   306 ;; Return value:  Size  Location     Type
   307 ;;                  1    wreg      void 
   308 ;; Registers used:
   309 ;;		wreg, status,2, status,0, cstack
   310 ;; Tracked objects:
   311 ;;		On entry : 0/0
   312 ;;		On exit  : 0/0
   313 ;;		Unchanged: 0/0
   314 ;; Data sizes:     COMRAM   BANK0   BANK1   BANK2   BANK3   BANK4   BANK5   BANK6   BANK7   BANK8   BANK9  BANK10  BANK1
      +1  BANK12  BANK13  BANK14  BANK15
   315 ;;      Params:         0       0       0       0       0       0       0       0       0       0       0       0       
      +0       0       0       0       0
   316 ;;      Locals:         0       0       0       0       0       0       0       0       0       0       0       0       
      +0       0       0       0       0
   317 ;;      Temps:          0       0       0       0       0       0       0       0       0       0       0       0       
      +0       0       0       0       0
   318 ;;      Totals:         0       0       0       0       0       0       0       0       0       0       0       0       
      +0       0       0       0       0
   319 ;;Total ram usage:        0 bytes
   320 ;; Hardware stack levels used:    1
   321 ;; Hardware stack levels required when called:    1
   322 ;; This function calls:
   323 ;;		_ECAN_Initialize
   324 ;;		_OSCILLATOR_Initialize
   325 ;;		_PIN_MANAGER_Initialize
   326 ;;		_PMD_Initialize
   327 ;;		_PWM5_Initialize
   328 ;;		_PWM6_Initialize
   329 ;;		_PWM7_Initialize
   330 ;;		_TMR2_Initialize
   331 ;; This function is called by:
   332 ;;		_main
   333 ;; This function uses a non-reentrant model
   334 ;;
   335                           
   336                           	psect	text1
   337  00FEC2                     __ptext1:
   338                           	opt callstack 0
   339  00FEC2                     _SYSTEM_Initialize:
   340                           	opt callstack 29
   341                           
   342                           ;mcc_generated_files/mcc.c: 52:     PMD_Initialize();
   343                           
   344                           ;incstack = 0
   345  00FEC2  EC72  F07F         	call	_PMD_Initialize	;wreg free
   346                           
   347                           ;mcc_generated_files/mcc.c: 53:     PIN_MANAGER_Initialize();
   348  00FEC6  EC84  F07F         	call	_PIN_MANAGER_Initialize	;wreg free
   349                           
   350                           ;mcc_generated_files/mcc.c: 54:     OSCILLATOR_Initialize();
   351  00FECA  EC22  F07F         	call	_OSCILLATOR_Initialize	;wreg free
   352                           
   353                           ;mcc_generated_files/mcc.c: 55:     PWM6_Initialize();
   354  00FECE  EC3A  F07F         	call	_PWM6_Initialize	;wreg free
   355                           
   356                           ;mcc_generated_files/mcc.c: 56:     PWM5_Initialize();
   357  00FED2  EC2E  F07F         	call	_PWM5_Initialize	;wreg free
   358                           
   359                           ;mcc_generated_files/mcc.c: 57:     TMR2_Initialize();
   360  00FED6  EC52  F07F         	call	_TMR2_Initialize	;wreg free
   361                           
   362                           ;mcc_generated_files/mcc.c: 58:     PWM7_Initialize();
   363  00FEDA  EC46  F07F         	call	_PWM7_Initialize	;wreg free
   364                           
   365                           ;mcc_generated_files/mcc.c: 59:     ECAN_Initialize();
   366  00FEDE  ECA8  F07F         	call	_ECAN_Initialize	;wreg free
   367  00FEE2  0012               	return		;funcret
   368  00FEE4                     __end_of_SYSTEM_Initialize:
   369                           	opt callstack 0
   370                           
   371 ;; *************** function _TMR2_Initialize *****************
   372 ;; Defined at:
   373 ;;		line 62 in file "mcc_generated_files/tmr2.c"
   374 ;; Parameters:    Size  Location     Type
   375 ;;		None
   376 ;; Auto vars:     Size  Location     Type
   377 ;;		None
   378 ;; Return value:  Size  Location     Type
   379 ;;                  1    wreg      void 
   380 ;; Registers used:
   381 ;;		wreg, status,2
   382 ;; Tracked objects:
   383 ;;		On entry : 0/0
   384 ;;		On exit  : 0/0
   385 ;;		Unchanged: 0/0
   386 ;; Data sizes:     COMRAM   BANK0   BANK1   BANK2   BANK3   BANK4   BANK5   BANK6   BANK7   BANK8   BANK9  BANK10  BANK1
      +1  BANK12  BANK13  BANK14  BANK15
   387 ;;      Params:         0       0       0       0       0       0       0       0       0       0       0       0       
      +0       0       0       0       0
   388 ;;      Locals:         0       0       0       0       0       0       0       0       0       0       0       0       
      +0       0       0       0       0
   389 ;;      Temps:          0       0       0       0       0       0       0       0       0       0       0       0       
      +0       0       0       0       0
   390 ;;      Totals:         0       0       0       0       0       0       0       0       0       0       0       0       
      +0       0       0       0       0
   391 ;;Total ram usage:        0 bytes
   392 ;; Hardware stack levels used:    1
   393 ;; This function calls:
   394 ;;		Nothing
   395 ;; This function is called by:
   396 ;;		_SYSTEM_Initialize
   397 ;; This function uses a non-reentrant model
   398 ;;
   399                           
   400                           	psect	text2
   401  00FEA4                     __ptext2:
   402                           	opt callstack 0
   403  00FEA4                     _TMR2_Initialize:
   404                           	opt callstack 29
   405                           
   406                           ;mcc_generated_files/tmr2.c: 67:     T2CLKCON = 0x01;
   407                           
   408                           ;incstack = 0
   409  00FEA4  0E01               	movlw	1
   410  00FEA6  6EAE               	movwf	16302,c	;volatile
   411                           
   412                           ;mcc_generated_files/tmr2.c: 70:     T2HLT = 0x00;
   413  00FEA8  0E00               	movlw	0
   414  00FEAA  6EAD               	movwf	16301,c	;volatile
   415                           
   416                           ;mcc_generated_files/tmr2.c: 73:     T2RST = 0x00;
   417  00FEAC  0E00               	movlw	0
   418  00FEAE  6EAF               	movwf	16303,c	;volatile
   419                           
   420                           ;mcc_generated_files/tmr2.c: 76:     T2PR = 0xF9;
   421  00FEB0  0EF9               	movlw	249
   422  00FEB2  6EAB               	movwf	16299,c	;volatile
   423                           
   424                           ;mcc_generated_files/tmr2.c: 79:     T2TMR = 0x00;
   425  00FEB4  0E00               	movlw	0
   426  00FEB6  6EAA               	movwf	16298,c	;volatile
   427                           
   428                           ;mcc_generated_files/tmr2.c: 82:     PIR4bits.TMR2IF = 0;
   429  00FEB8  0139               	movlb	57	; () banked
   430  00FEBA  95A4               	bcf	164,2,b	;volatile
   431                           
   432                           ;mcc_generated_files/tmr2.c: 85:     T2CON = 0xE0;
   433  00FEBC  0EE0               	movlw	224
   434  00FEBE  6EAC               	movwf	16300,c	;volatile
   435                           
   436                           ; BSR set to: 57
   437  00FEC0  0012               	return		;funcret
   438  00FEC2                     __end_of_TMR2_Initialize:
   439                           	opt callstack 0
   440                           
   441 ;; *************** function _PWM7_Initialize *****************
   442 ;; Defined at:
   443 ;;		line 58 in file "mcc_generated_files/pwm7.c"
   444 ;; Parameters:    Size  Location     Type
   445 ;;		None
   446 ;; Auto vars:     Size  Location     Type
   447 ;;		None
   448 ;; Return value:  Size  Location     Type
   449 ;;                  1    wreg      void 
   450 ;; Registers used:
   451 ;;		wreg, status,2
   452 ;; Tracked objects:
   453 ;;		On entry : 0/0
   454 ;;		On exit  : 0/0
   455 ;;		Unchanged: 0/0
   456 ;; Data sizes:     COMRAM   BANK0   BANK1   BANK2   BANK3   BANK4   BANK5   BANK6   BANK7   BANK8   BANK9  BANK10  BANK1
      +1  BANK12  BANK13  BANK14  BANK15
   457 ;;      Params:         0       0       0       0       0       0       0       0       0       0       0       0       
      +0       0       0       0       0
   458 ;;      Locals:         0       0       0       0       0       0       0       0       0       0       0       0       
      +0       0       0       0       0
   459 ;;      Temps:          0       0       0       0       0       0       0       0       0       0       0       0       
      +0       0       0       0       0
   460 ;;      Totals:         0       0       0       0       0       0       0       0       0       0       0       0       
      +0       0       0       0       0
   461 ;;Total ram usage:        0 bytes
   462 ;; Hardware stack levels used:    1
   463 ;; This function calls:
   464 ;;		Nothing
   465 ;; This function is called by:
   466 ;;		_SYSTEM_Initialize
   467 ;; This function uses a non-reentrant model
   468 ;;
   469                           
   470                           	psect	text3
   471  00FE8C                     __ptext3:
   472                           	opt callstack 0
   473  00FE8C                     _PWM7_Initialize:
   474                           	opt callstack 29
   475                           
   476                           ;mcc_generated_files/pwm7.c: 62:     PWM7CON = 0x90;
   477                           
   478                           ; BSR set to: 57
   479                           ;incstack = 0
   480  00FE8C  0E90               	movlw	144
   481  00FE8E  6E66               	movwf	16230,c	;volatile
   482                           
   483                           ;mcc_generated_files/pwm7.c: 65:     PWM7DCH = 0x7C;
   484  00FE90  0E7C               	movlw	124
   485  00FE92  6E65               	movwf	16229,c	;volatile
   486                           
   487                           ;mcc_generated_files/pwm7.c: 68:     PWM7DCL = 0xC0;
   488  00FE94  0EC0               	movlw	192
   489  00FE96  6E64               	movwf	16228,c	;volatile
   490                           
   491                           ;mcc_generated_files/pwm7.c: 71:     CCPTMRS1bits.P7TSEL = 1;
   492  00FE98  013F               	movlb	63	; () banked
   493  00FE9A  515F               	movf	95,w,b	;volatile
   494  00FE9C  0BCF               	andlw	-49
   495  00FE9E  0910               	iorlw	16
   496  00FEA0  6F5F               	movwf	95,b	;volatile
   497                           
   498                           ; BSR set to: 63
   499  00FEA2  0012               	return		;funcret
   500  00FEA4                     __end_of_PWM7_Initialize:
   501                           	opt callstack 0
   502                           
   503 ;; *************** function _PWM6_Initialize *****************
   504 ;; Defined at:
   505 ;;		line 58 in file "mcc_generated_files/pwm6.c"
   506 ;; Parameters:    Size  Location     Type
   507 ;;		None
   508 ;; Auto vars:     Size  Location     Type
   509 ;;		None
   510 ;; Return value:  Size  Location     Type
   511 ;;                  1    wreg      void 
   512 ;; Registers used:
   513 ;;		wreg, status,2
   514 ;; Tracked objects:
   515 ;;		On entry : 0/0
   516 ;;		On exit  : 0/0
   517 ;;		Unchanged: 0/0
   518 ;; Data sizes:     COMRAM   BANK0   BANK1   BANK2   BANK3   BANK4   BANK5   BANK6   BANK7   BANK8   BANK9  BANK10  BANK1
      +1  BANK12  BANK13  BANK14  BANK15
   519 ;;      Params:         0       0       0       0       0       0       0       0       0       0       0       0       
      +0       0       0       0       0
   520 ;;      Locals:         0       0       0       0       0       0       0       0       0       0       0       0       
      +0       0       0       0       0
   521 ;;      Temps:          0       0       0       0       0       0       0       0       0       0       0       0       
      +0       0       0       0       0
   522 ;;      Totals:         0       0       0       0       0       0       0       0       0       0       0       0       
      +0       0       0       0       0
   523 ;;Total ram usage:        0 bytes
   524 ;; Hardware stack levels used:    1
   525 ;; This function calls:
   526 ;;		Nothing
   527 ;; This function is called by:
   528 ;;		_SYSTEM_Initialize
   529 ;; This function uses a non-reentrant model
   530 ;;
   531                           
   532                           	psect	text4
   533  00FE74                     __ptext4:
   534                           	opt callstack 0
   535  00FE74                     _PWM6_Initialize:
   536                           	opt callstack 29
   537                           
   538                           ;mcc_generated_files/pwm6.c: 62:     PWM6CON = 0x90;
   539                           
   540                           ; BSR set to: 63
   541                           ;incstack = 0
   542  00FE74  0E90               	movlw	144
   543  00FE76  6E6A               	movwf	16234,c	;volatile
   544                           
   545                           ;mcc_generated_files/pwm6.c: 65:     PWM6DCH = 0x7C;
   546  00FE78  0E7C               	movlw	124
   547  00FE7A  6E69               	movwf	16233,c	;volatile
   548                           
   549                           ;mcc_generated_files/pwm6.c: 68:     PWM6DCL = 0xC0;
   550  00FE7C  0EC0               	movlw	192
   551  00FE7E  6E68               	movwf	16232,c	;volatile
   552                           
   553                           ;mcc_generated_files/pwm6.c: 71:     CCPTMRS1bits.P6TSEL = 1;
   554  00FE80  013F               	movlb	63	; () banked
   555  00FE82  515F               	movf	95,w,b	;volatile
   556  00FE84  0BF3               	andlw	-13
   557  00FE86  0904               	iorlw	4
   558  00FE88  6F5F               	movwf	95,b	;volatile
   559                           
   560                           ; BSR set to: 63
   561  00FE8A  0012               	return		;funcret
   562  00FE8C                     __end_of_PWM6_Initialize:
   563                           	opt callstack 0
   564                           
   565 ;; *************** function _PWM5_Initialize *****************
   566 ;; Defined at:
   567 ;;		line 58 in file "mcc_generated_files/pwm5.c"
   568 ;; Parameters:    Size  Location     Type
   569 ;;		None
   570 ;; Auto vars:     Size  Location     Type
   571 ;;		None
   572 ;; Return value:  Size  Location     Type
   573 ;;                  1    wreg      void 
   574 ;; Registers used:
   575 ;;		wreg, status,2
   576 ;; Tracked objects:
   577 ;;		On entry : 0/0
   578 ;;		On exit  : 0/0
   579 ;;		Unchanged: 0/0
   580 ;; Data sizes:     COMRAM   BANK0   BANK1   BANK2   BANK3   BANK4   BANK5   BANK6   BANK7   BANK8   BANK9  BANK10  BANK1
      +1  BANK12  BANK13  BANK14  BANK15
   581 ;;      Params:         0       0       0       0       0       0       0       0       0       0       0       0       
      +0       0       0       0       0
   582 ;;      Locals:         0       0       0       0       0       0       0       0       0       0       0       0       
      +0       0       0       0       0
   583 ;;      Temps:          0       0       0       0       0       0       0       0       0       0       0       0       
      +0       0       0       0       0
   584 ;;      Totals:         0       0       0       0       0       0       0       0       0       0       0       0       
      +0       0       0       0       0
   585 ;;Total ram usage:        0 bytes
   586 ;; Hardware stack levels used:    1
   587 ;; This function calls:
   588 ;;		Nothing
   589 ;; This function is called by:
   590 ;;		_SYSTEM_Initialize
   591 ;; This function uses a non-reentrant model
   592 ;;
   593                           
   594                           	psect	text5
   595  00FE5C                     __ptext5:
   596                           	opt callstack 0
   597  00FE5C                     _PWM5_Initialize:
   598                           	opt callstack 29
   599                           
   600                           ;mcc_generated_files/pwm5.c: 62:     PWM5CON = 0x90;
   601                           
   602                           ; BSR set to: 63
   603                           ;incstack = 0
   604  00FE5C  0E90               	movlw	144
   605  00FE5E  6E6E               	movwf	16238,c	;volatile
   606                           
   607                           ;mcc_generated_files/pwm5.c: 65:     PWM5DCH = 0x7C;
   608  00FE60  0E7C               	movlw	124
   609  00FE62  6E6D               	movwf	16237,c	;volatile
   610                           
   611                           ;mcc_generated_files/pwm5.c: 68:     PWM5DCL = 0xC0;
   612  00FE64  0EC0               	movlw	192
   613  00FE66  6E6C               	movwf	16236,c	;volatile
   614                           
   615                           ;mcc_generated_files/pwm5.c: 71:     CCPTMRS1bits.P5TSEL = 1;
   616  00FE68  013F               	movlb	63	; () banked
   617  00FE6A  515F               	movf	95,w,b	;volatile
   618  00FE6C  0BFC               	andlw	-4
   619  00FE6E  0901               	iorlw	1
   620  00FE70  6F5F               	movwf	95,b	;volatile
   621                           
   622                           ; BSR set to: 63
   623  00FE72  0012               	return		;funcret
   624  00FE74                     __end_of_PWM5_Initialize:
   625                           	opt callstack 0
   626                           
   627 ;; *************** function _PMD_Initialize *****************
   628 ;; Defined at:
   629 ;;		line 76 in file "mcc_generated_files/mcc.c"
   630 ;; Parameters:    Size  Location     Type
   631 ;;		None
   632 ;; Auto vars:     Size  Location     Type
   633 ;;		None
   634 ;; Return value:  Size  Location     Type
   635 ;;                  1    wreg      void 
   636 ;; Registers used:
   637 ;;		wreg, status,2
   638 ;; Tracked objects:
   639 ;;		On entry : 0/0
   640 ;;		On exit  : 0/0
   641 ;;		Unchanged: 0/0
   642 ;; Data sizes:     COMRAM   BANK0   BANK1   BANK2   BANK3   BANK4   BANK5   BANK6   BANK7   BANK8   BANK9  BANK10  BANK1
      +1  BANK12  BANK13  BANK14  BANK15
   643 ;;      Params:         0       0       0       0       0       0       0       0       0       0       0       0       
      +0       0       0       0       0
   644 ;;      Locals:         0       0       0       0       0       0       0       0       0       0       0       0       
      +0       0       0       0       0
   645 ;;      Temps:          0       0       0       0       0       0       0       0       0       0       0       0       
      +0       0       0       0       0
   646 ;;      Totals:         0       0       0       0       0       0       0       0       0       0       0       0       
      +0       0       0       0       0
   647 ;;Total ram usage:        0 bytes
   648 ;; Hardware stack levels used:    1
   649 ;; This function calls:
   650 ;;		Nothing
   651 ;; This function is called by:
   652 ;;		_SYSTEM_Initialize
   653 ;; This function uses a non-reentrant model
   654 ;;
   655                           
   656                           	psect	text6
   657  00FEE4                     __ptext6:
   658                           	opt callstack 0
   659  00FEE4                     _PMD_Initialize:
   660                           	opt callstack 29
   661                           
   662                           ;mcc_generated_files/mcc.c: 79:     PMD0 = 0x00;
   663                           
   664                           ; BSR set to: 63
   665                           ;incstack = 0
   666  00FEE4  0E00               	movlw	0
   667  00FEE6  0139               	movlb	57	; () banked
   668  00FEE8  6FC0               	movwf	192,b	;volatile
   669                           
   670                           ;mcc_generated_files/mcc.c: 81:     PMD1 = 0x00;
   671  00FEEA  0E00               	movlw	0
   672  00FEEC  6FC1               	movwf	193,b	;volatile
   673                           
   674                           ;mcc_generated_files/mcc.c: 83:     PMD2 = 0x00;
   675  00FEEE  0E00               	movlw	0
   676  00FEF0  6FC2               	movwf	194,b	;volatile
   677                           
   678                           ;mcc_generated_files/mcc.c: 85:     PMD3 = 0x00;
   679  00FEF2  0E00               	movlw	0
   680  00FEF4  6FC3               	movwf	195,b	;volatile
   681                           
   682                           ;mcc_generated_files/mcc.c: 87:     PMD4 = 0x00;
   683  00FEF6  0E00               	movlw	0
   684  00FEF8  6FC4               	movwf	196,b	;volatile
   685                           
   686                           ;mcc_generated_files/mcc.c: 89:     PMD5 = 0x00;
   687  00FEFA  0E00               	movlw	0
   688  00FEFC  6FC5               	movwf	197,b	;volatile
   689                           
   690                           ;mcc_generated_files/mcc.c: 91:     PMD6 = 0x00;
   691  00FEFE  0E00               	movlw	0
   692  00FF00  6FC6               	movwf	198,b	;volatile
   693                           
   694                           ;mcc_generated_files/mcc.c: 93:     PMD7 = 0x00;
   695  00FF02  0E00               	movlw	0
   696  00FF04  6FC7               	movwf	199,b	;volatile
   697                           
   698                           ; BSR set to: 57
   699  00FF06  0012               	return		;funcret
   700  00FF08                     __end_of_PMD_Initialize:
   701                           	opt callstack 0
   702                           
   703 ;; *************** function _PIN_MANAGER_Initialize *****************
   704 ;; Defined at:
   705 ;;		line 55 in file "mcc_generated_files/pin_manager.c"
   706 ;; Parameters:    Size  Location     Type
   707 ;;		None
   708 ;; Auto vars:     Size  Location     Type
   709 ;;		None
   710 ;; Return value:  Size  Location     Type
   711 ;;                  1    wreg      void 
   712 ;; Registers used:
   713 ;;		wreg, status,2
   714 ;; Tracked objects:
   715 ;;		On entry : 0/0
   716 ;;		On exit  : 0/0
   717 ;;		Unchanged: 0/0
   718 ;; Data sizes:     COMRAM   BANK0   BANK1   BANK2   BANK3   BANK4   BANK5   BANK6   BANK7   BANK8   BANK9  BANK10  BANK1
      +1  BANK12  BANK13  BANK14  BANK15
   719 ;;      Params:         0       0       0       0       0       0       0       0       0       0       0       0       
      +0       0       0       0       0
   720 ;;      Locals:         0       0       0       0       0       0       0       0       0       0       0       0       
      +0       0       0       0       0
   721 ;;      Temps:          0       0       0       0       0       0       0       0       0       0       0       0       
      +0       0       0       0       0
   722 ;;      Totals:         0       0       0       0       0       0       0       0       0       0       0       0       
      +0       0       0       0       0
   723 ;;Total ram usage:        0 bytes
   724 ;; Hardware stack levels used:    1
   725 ;; This function calls:
   726 ;;		Nothing
   727 ;; This function is called by:
   728 ;;		_SYSTEM_Initialize
   729 ;; This function uses a non-reentrant model
   730 ;;
   731                           
   732                           	psect	text7
   733  00FF08                     __ptext7:
   734                           	opt callstack 0
   735  00FF08                     _PIN_MANAGER_Initialize:
   736                           	opt callstack 29
   737                           
   738                           ;mcc_generated_files/pin_manager.c: 60:     LATA = 0x00;
   739                           
   740                           ; BSR set to: 57
   741                           ;incstack = 0
   742  00FF08  0E00               	movlw	0
   743  00FF0A  6EBA               	movwf	16314,c	;volatile
   744                           
   745                           ;mcc_generated_files/pin_manager.c: 61:     LATB = 0x00;
   746  00FF0C  0E00               	movlw	0
   747  00FF0E  6EBB               	movwf	16315,c	;volatile
   748                           
   749                           ;mcc_generated_files/pin_manager.c: 62:     LATC = 0x00;
   750  00FF10  0E00               	movlw	0
   751  00FF12  6EBC               	movwf	16316,c	;volatile
   752                           
   753                           ;mcc_generated_files/pin_manager.c: 67:     TRISA = 0xFF;
   754  00FF14  68C2               	setf	16322,c	;volatile
   755                           
   756                           ;mcc_generated_files/pin_manager.c: 68:     TRISB = 0xFF;
   757  00FF16  68C3               	setf	16323,c	;volatile
   758                           
   759                           ;mcc_generated_files/pin_manager.c: 69:     TRISC = 0xFF;
   760  00FF18  68C4               	setf	16324,c	;volatile
   761                           
   762                           ;mcc_generated_files/pin_manager.c: 74:     ANSELC = 0xFF;
   763  00FF1A  013A               	movlb	58	; () banked
   764  00FF1C  6960               	setf	96,b	;volatile
   765                           
   766                           ; BSR set to: 58
   767                           ;mcc_generated_files/pin_manager.c: 75:     ANSELB = 0xFF;
   768  00FF1E  6950               	setf	80,b	;volatile
   769                           
   770                           ; BSR set to: 58
   771                           ;mcc_generated_files/pin_manager.c: 76:     ANSELA = 0xFF;
   772  00FF20  6940               	setf	64,b	;volatile
   773                           
   774                           ;mcc_generated_files/pin_manager.c: 81:     WPUE = 0x00;
   775  00FF22  0E00               	movlw	0
   776  00FF24  6F81               	movwf	129,b	;volatile
   777                           
   778                           ;mcc_generated_files/pin_manager.c: 82:     WPUB = 0x00;
   779  00FF26  0E00               	movlw	0
   780  00FF28  6F51               	movwf	81,b	;volatile
   781                           
   782                           ;mcc_generated_files/pin_manager.c: 83:     WPUA = 0x00;
   783  00FF2A  0E00               	movlw	0
   784  00FF2C  6F41               	movwf	65,b	;volatile
   785                           
   786                           ;mcc_generated_files/pin_manager.c: 84:     WPUC = 0x00;
   787  00FF2E  0E00               	movlw	0
   788  00FF30  6F61               	movwf	97,b	;volatile
   789                           
   790                           ;mcc_generated_files/pin_manager.c: 89:     ODCONA = 0x00;
   791  00FF32  0E00               	movlw	0
   792  00FF34  6F42               	movwf	66,b	;volatile
   793                           
   794                           ;mcc_generated_files/pin_manager.c: 90:     ODCONB = 0x00;
   795  00FF36  0E00               	movlw	0
   796  00FF38  6F52               	movwf	82,b	;volatile
   797                           
   798                           ;mcc_generated_files/pin_manager.c: 91:     ODCONC = 0x00;
   799  00FF3A  0E00               	movlw	0
   800  00FF3C  6F62               	movwf	98,b	;volatile
   801                           
   802                           ; BSR set to: 58
   803                           ;mcc_generated_files/pin_manager.c: 96:     SLRCONA = 0xFF;
   804  00FF3E  6943               	setf	67,b	;volatile
   805                           
   806                           ; BSR set to: 58
   807                           ;mcc_generated_files/pin_manager.c: 97:     SLRCONB = 0xFF;
   808  00FF40  6953               	setf	83,b	;volatile
   809                           
   810                           ; BSR set to: 58
   811                           ;mcc_generated_files/pin_manager.c: 98:     SLRCONC = 0xFF;
   812  00FF42  6963               	setf	99,b	;volatile
   813                           
   814                           ; BSR set to: 58
   815                           ;mcc_generated_files/pin_manager.c: 103:     INLVLA = 0xFF;
   816  00FF44  6944               	setf	68,b	;volatile
   817                           
   818                           ; BSR set to: 58
   819                           ;mcc_generated_files/pin_manager.c: 104:     INLVLB = 0xFF;
   820  00FF46  6954               	setf	84,b	;volatile
   821                           
   822                           ; BSR set to: 58
   823                           ;mcc_generated_files/pin_manager.c: 105:     INLVLC = 0xFF;
   824  00FF48  6964               	setf	100,b	;volatile
   825                           
   826                           ;mcc_generated_files/pin_manager.c: 106:     INLVLE = 0x08;
   827  00FF4A  0E08               	movlw	8
   828  00FF4C  6F84               	movwf	132,b	;volatile
   829                           
   830                           ; BSR set to: 58
   831  00FF4E  0012               	return		;funcret
   832  00FF50                     __end_of_PIN_MANAGER_Initialize:
   833                           	opt callstack 0
   834                           
   835 ;; *************** function _OSCILLATOR_Initialize *****************
   836 ;; Defined at:
   837 ;;		line 62 in file "mcc_generated_files/mcc.c"
   838 ;; Parameters:    Size  Location     Type
   839 ;;		None
   840 ;; Auto vars:     Size  Location     Type
   841 ;;		None
   842 ;; Return value:  Size  Location     Type
   843 ;;                  1    wreg      void 
   844 ;; Registers used:
   845 ;;		wreg, status,2
   846 ;; Tracked objects:
   847 ;;		On entry : 0/0
   848 ;;		On exit  : 0/0
   849 ;;		Unchanged: 0/0
   850 ;; Data sizes:     COMRAM   BANK0   BANK1   BANK2   BANK3   BANK4   BANK5   BANK6   BANK7   BANK8   BANK9  BANK10  BANK1
      +1  BANK12  BANK13  BANK14  BANK15
   851 ;;      Params:         0       0       0       0       0       0       0       0       0       0       0       0       
      +0       0       0       0       0
   852 ;;      Locals:         0       0       0       0       0       0       0       0       0       0       0       0       
      +0       0       0       0       0
   853 ;;      Temps:          0       0       0       0       0       0       0       0       0       0       0       0       
      +0       0       0       0       0
   854 ;;      Totals:         0       0       0       0       0       0       0       0       0       0       0       0       
      +0       0       0       0       0
   855 ;;Total ram usage:        0 bytes
   856 ;; Hardware stack levels used:    1
   857 ;; This function calls:
   858 ;;		Nothing
   859 ;; This function is called by:
   860 ;;		_SYSTEM_Initialize
   861 ;; This function uses a non-reentrant model
   862 ;;
   863                           
   864                           	psect	text8
   865  00FE44                     __ptext8:
   866                           	opt callstack 0
   867  00FE44                     _OSCILLATOR_Initialize:
   868                           	opt callstack 29
   869                           
   870                           ;mcc_generated_files/mcc.c: 65:     OSCCON1 = 0x61;
   871                           
   872                           ; BSR set to: 58
   873                           ;incstack = 0
   874  00FE44  0E61               	movlw	97
   875  00FE46  0139               	movlb	57	; () banked
   876  00FE48  6FD9               	movwf	217,b	;volatile
   877                           
   878                           ;mcc_generated_files/mcc.c: 67:     OSCCON3 = 0x00;
   879  00FE4A  0E00               	movlw	0
   880  00FE4C  6FDB               	movwf	219,b	;volatile
   881                           
   882                           ;mcc_generated_files/mcc.c: 69:     OSCEN = 0x00;
   883  00FE4E  0E00               	movlw	0
   884  00FE50  6FDD               	movwf	221,b	;volatile
   885                           
   886                           ;mcc_generated_files/mcc.c: 71:     OSCFRQ = 0x08;
   887  00FE52  0E08               	movlw	8
   888  00FE54  6FDF               	movwf	223,b	;volatile
   889                           
   890                           ;mcc_generated_files/mcc.c: 73:     OSCTUNE = 0x00;
   891  00FE56  0E00               	movlw	0
   892  00FE58  6FDE               	movwf	222,b	;volatile
   893                           
   894                           ; BSR set to: 57
   895  00FE5A  0012               	return		;funcret
   896  00FE5C                     __end_of_OSCILLATOR_Initialize:
   897                           	opt callstack 0
   898                           
   899 ;; *************** function _ECAN_Initialize *****************
   900 ;; Defined at:
   901 ;;		line 61 in file "mcc_generated_files/ecan.c"
   902 ;; Parameters:    Size  Location     Type
   903 ;;		None
   904 ;; Auto vars:     Size  Location     Type
   905 ;;		None
   906 ;; Return value:  Size  Location     Type
   907 ;;                  1    wreg      void 
   908 ;; Registers used:
   909 ;;		wreg, status,2, status,0
   910 ;; Tracked objects:
   911 ;;		On entry : 0/0
   912 ;;		On exit  : 0/0
   913 ;;		Unchanged: 0/0
   914 ;; Data sizes:     COMRAM   BANK0   BANK1   BANK2   BANK3   BANK4   BANK5   BANK6   BANK7   BANK8   BANK9  BANK10  BANK1
      +1  BANK12  BANK13  BANK14  BANK15
   915 ;;      Params:         0       0       0       0       0       0       0       0       0       0       0       0       
      +0       0       0       0       0
   916 ;;      Locals:         0       0       0       0       0       0       0       0       0       0       0       0       
      +0       0       0       0       0
   917 ;;      Temps:          1       0       0       0       0       0       0       0       0       0       0       0       
      +0       0       0       0       0
   918 ;;      Totals:         1       0       0       0       0       0       0       0       0       0       0       0       
      +0       0       0       0       0
   919 ;;Total ram usage:        1 bytes
   920 ;; Hardware stack levels used:    1
   921 ;; This function calls:
   922 ;;		Nothing
   923 ;; This function is called by:
   924 ;;		_SYSTEM_Initialize
   925 ;; This function uses a non-reentrant model
   926 ;;
   927                           
   928                           	psect	text9
   929  00FF50                     __ptext9:
   930                           	opt callstack 0
   931  00FF50                     _ECAN_Initialize:
   932                           	opt callstack 29
   933                           
   934                           ;mcc_generated_files/ecan.c: 63:     CANCON = 0x80;
   935                           
   936                           ; BSR set to: 57
   937                           ;incstack = 0
   938  00FF50  0E80               	movlw	128
   939  00FF52  6E8F               	movwf	16271,c	;volatile
   940  00FF54                     l1231:
   941  00FF54  508E               	movf	16270,w,c	;volatile
   942  00FF56  0BE0               	andlw	224
   943  00FF58  0A80               	xorlw	128
   944  00FF5A  A4D8               	btfss	status,2,c
   945  00FF5C  D7FB               	goto	l1231
   946                           
   947                           ;mcc_generated_files/ecan.c: 69:     ECANCON = 0x00;
   948  00FF5E  0E00               	movlw	0
   949  00FF60  6E91               	movwf	16273,c	;volatile
   950                           
   951                           ;mcc_generated_files/ecan.c: 74:     CIOCON = 0x00;
   952  00FF62  0E00               	movlw	0
   953  00FF64  0137               	movlb	55	; () banked
   954  00FF66  6F00               	movwf	0,b	;volatile
   955                           
   956                           ; BSR set to: 55
   957                           ;mcc_generated_files/ecan.c: 88:     RXM0EIDH = 0xFF;
   958  00FF68  69BA               	setf	186,b	;volatile
   959                           
   960                           ; BSR set to: 55
   961                           ;mcc_generated_files/ecan.c: 89:     RXM0EIDL = 0xFF;
   962  00FF6A  69BB               	setf	187,b	;volatile
   963                           
   964                           ; BSR set to: 55
   965                           ;mcc_generated_files/ecan.c: 90:     RXM0SIDH = 0xFF;
   966  00FF6C  69B8               	setf	184,b	;volatile
   967                           
   968                           ;mcc_generated_files/ecan.c: 91:     RXM0SIDL = 0xE3;
   969  00FF6E  0EE3               	movlw	227
   970  00FF70  6FB9               	movwf	185,b	;volatile
   971                           
   972                           ; BSR set to: 55
   973                           ;mcc_generated_files/ecan.c: 92:     RXM1EIDH = 0xFF;
   974  00FF72  69BE               	setf	190,b	;volatile
   975                           
   976                           ; BSR set to: 55
   977                           ;mcc_generated_files/ecan.c: 93:     RXM1EIDL = 0xFF;
   978  00FF74  69BF               	setf	191,b	;volatile
   979                           
   980                           ; BSR set to: 55
   981                           ;mcc_generated_files/ecan.c: 94:     RXM1SIDH = 0xFF;
   982  00FF76  69BC               	setf	188,b	;volatile
   983                           
   984                           ;mcc_generated_files/ecan.c: 95:     RXM1SIDL = 0xE3;
   985  00FF78  0EE3               	movlw	227
   986  00FF7A  6FBD               	movwf	189,b	;volatile
   987                           
   988                           ;mcc_generated_files/ecan.c: 100:     RXF0EIDH = 0x00;
   989  00FF7C  0E00               	movlw	0
   990  00FF7E  6FA2               	movwf	162,b	;volatile
   991                           
   992                           ;mcc_generated_files/ecan.c: 101:     RXF0EIDL = 0x00;
   993  00FF80  0E00               	movlw	0
   994  00FF82  6FA3               	movwf	163,b	;volatile
   995                           
   996                           ;mcc_generated_files/ecan.c: 102:     RXF0SIDH = 0x0E;
   997  00FF84  0E0E               	movlw	14
   998  00FF86  6FA0               	movwf	160,b	;volatile
   999                           
  1000                           ;mcc_generated_files/ecan.c: 103:     RXF0SIDL = 0x60;
  1001  00FF88  0E60               	movlw	96
  1002  00FF8A  6FA1               	movwf	161,b	;volatile
  1003                           
  1004                           ;mcc_generated_files/ecan.c: 104:     RXF1EIDH = 0x00;
  1005  00FF8C  0E00               	movlw	0
  1006  00FF8E  6FA6               	movwf	166,b	;volatile
  1007                           
  1008                           ;mcc_generated_files/ecan.c: 105:     RXF1EIDL = 0x00;
  1009  00FF90  0E00               	movlw	0
  1010  00FF92  6FA7               	movwf	167,b	;volatile
  1011                           
  1012                           ;mcc_generated_files/ecan.c: 106:     RXF1SIDH = 0x00;
  1013  00FF94  0E00               	movlw	0
  1014  00FF96  6FA4               	movwf	164,b	;volatile
  1015                           
  1016                           ;mcc_generated_files/ecan.c: 107:     RXF1SIDL = 0x00;
  1017  00FF98  0E00               	movlw	0
  1018  00FF9A  6FA5               	movwf	165,b	;volatile
  1019                           
  1020                           ;mcc_generated_files/ecan.c: 108:     RXF2EIDH = 0x00;
  1021  00FF9C  0E00               	movlw	0
  1022  00FF9E  6FAA               	movwf	170,b	;volatile
  1023                           
  1024                           ;mcc_generated_files/ecan.c: 109:     RXF2EIDL = 0x00;
  1025  00FFA0  0E00               	movlw	0
  1026  00FFA2  6FAB               	movwf	171,b	;volatile
  1027                           
  1028                           ;mcc_generated_files/ecan.c: 110:     RXF2SIDH = 0x00;
  1029  00FFA4  0E00               	movlw	0
  1030  00FFA6  6FA8               	movwf	168,b	;volatile
  1031                           
  1032                           ;mcc_generated_files/ecan.c: 111:     RXF2SIDL = 0x00;
  1033  00FFA8  0E00               	movlw	0
  1034  00FFAA  6FA9               	movwf	169,b	;volatile
  1035                           
  1036                           ;mcc_generated_files/ecan.c: 112:     RXF3EIDH = 0x00;
  1037  00FFAC  0E00               	movlw	0
  1038  00FFAE  6FAE               	movwf	174,b	;volatile
  1039                           
  1040                           ;mcc_generated_files/ecan.c: 113:     RXF3EIDL = 0x00;
  1041  00FFB0  0E00               	movlw	0
  1042  00FFB2  6FAF               	movwf	175,b	;volatile
  1043                           
  1044                           ;mcc_generated_files/ecan.c: 114:     RXF3SIDH = 0x00;
  1045  00FFB4  0E00               	movlw	0
  1046  00FFB6  6FAC               	movwf	172,b	;volatile
  1047                           
  1048                           ;mcc_generated_files/ecan.c: 115:     RXF3SIDL = 0x00;
  1049  00FFB8  0E00               	movlw	0
  1050  00FFBA  6FAD               	movwf	173,b	;volatile
  1051                           
  1052                           ;mcc_generated_files/ecan.c: 116:     RXF4EIDH = 0x00;
  1053  00FFBC  0E00               	movlw	0
  1054  00FFBE  6FB2               	movwf	178,b	;volatile
  1055                           
  1056                           ;mcc_generated_files/ecan.c: 117:     RXF4EIDL = 0x00;
  1057  00FFC0  0E00               	movlw	0
  1058  00FFC2  6FB3               	movwf	179,b	;volatile
  1059                           
  1060                           ;mcc_generated_files/ecan.c: 118:     RXF4SIDH = 0x00;
  1061  00FFC4  0E00               	movlw	0
  1062  00FFC6  6FB0               	movwf	176,b	;volatile
  1063                           
  1064                           ;mcc_generated_files/ecan.c: 119:     RXF4SIDL = 0x00;
  1065  00FFC8  0E00               	movlw	0
  1066  00FFCA  6FB1               	movwf	177,b	;volatile
  1067                           
  1068                           ;mcc_generated_files/ecan.c: 120:     RXF5EIDH = 0x00;
  1069  00FFCC  0E00               	movlw	0
  1070  00FFCE  6FB6               	movwf	182,b	;volatile
  1071                           
  1072                           ;mcc_generated_files/ecan.c: 121:     RXF5EIDL = 0x00;
  1073  00FFD0  0E00               	movlw	0
  1074  00FFD2  6FB7               	movwf	183,b	;volatile
  1075                           
  1076                           ;mcc_generated_files/ecan.c: 122:     RXF5SIDH = 0x00;
  1077  00FFD4  0E00               	movlw	0
  1078  00FFD6  6FB4               	movwf	180,b	;volatile
  1079                           
  1080                           ;mcc_generated_files/ecan.c: 123:     RXF5SIDL = 0x00;
  1081  00FFD8  0E00               	movlw	0
  1082  00FFDA  6FB5               	movwf	181,b	;volatile
  1083                           
  1084                           ;mcc_generated_files/ecan.c: 138:     BRGCON1 = 0x03;
  1085  00FFDC  0E03               	movlw	3
  1086  00FFDE  6F03               	movwf	3,b	;volatile
  1087                           
  1088                           ;mcc_generated_files/ecan.c: 139:     BRGCON2 = 0x98;
  1089  00FFE0  0E98               	movlw	152
  1090  00FFE2  6F04               	movwf	4,b	;volatile
  1091                           
  1092                           ;mcc_generated_files/ecan.c: 140:     BRGCON3 = 0x01;
  1093  00FFE4  0E01               	movlw	1
  1094  00FFE6  6F05               	movwf	5,b	;volatile
  1095                           
  1096                           ;mcc_generated_files/ecan.c: 142:     CANCON = 0x00;
  1097  00FFE8  0E00               	movlw	0
  1098  00FFEA  6E8F               	movwf	16271,c	;volatile
  1099  00FFEC                     l1247:
  1100  00FFEC  006F FE38  F001    	movff	16270,??_ECAN_Initialize	;volatile
  1101  00FFF2  0EE0               	movlw	224
  1102  00FFF4  1601               	andwf	??_ECAN_Initialize,f,c
  1103  00FFF6  B4D8               	btfsc	status,2,c
  1104  00FFF8  0012               	return	
  1105  00FFFA  D7F8               	goto	l1247
  1106  00FFFC                     __end_of_ECAN_Initialize:
  1107                           	opt callstack 0
  1108  0000                     
  1109                           	psect	rparam
  1110  0000                     tosu	equ	0x3FFF
  1111                           tosh	equ	0x3FFE
  1112                           tosl	equ	0x3FFD
  1113                           stkptr	equ	0x3FFC
  1114                           pclatu	equ	0x3FFB
  1115                           pclath	equ	0x3FFA
  1116                           pcl	equ	0x3FF9
  1117                           tblptru	equ	0x3FF8
  1118                           tblptrh	equ	0x3FF7
  1119                           tblptrl	equ	0x3FF6
  1120                           tablat	equ	0x3FF5
  1121                           prodh	equ	0x3FF4
  1122                           prodl	equ	0x3FF3
  1123                           indf0	equ	0x3FEF
  1124                           postinc0	equ	0x3FEE
  1125                           postdec0	equ	0x3FED
  1126                           preinc0	equ	0x3FEC
  1127                           plusw0	equ	0x3FEB
  1128                           fsr0h	equ	0x3FEA
  1129                           fsr0l	equ	0x3FE9
  1130                           wreg	equ	0x3FE8
  1131                           indf1	equ	0x3FE7
  1132                           postinc1	equ	0x3FE6
  1133                           postdec1	equ	0x3FE5
  1134                           preinc1	equ	0x3FE4
  1135                           plusw1	equ	0x3FE3
  1136                           fsr1h	equ	0x3FE2
  1137                           fsr1l	equ	0x3FE1
  1138                           bsr	equ	0x3FE0
  1139                           indf2	equ	0x3FDF
  1140                           postinc2	equ	0x3FDE
  1141                           postdec2	equ	0x3FDD
  1142                           preinc2	equ	0x3FDC
  1143                           plusw2	equ	0x3FDB
  1144                           fsr2h	equ	0x3FDA
  1145                           fsr2l	equ	0x3FD9
  1146                           status	equ	0x3FD8


Data Sizes:
    Strings     0
    Constant    0
    Data        0
    BSS         0
    Persistent  0
    Stack       0

Auto Spaces:
    Space          Size  Autos    Used
    COMRAM           95      1       1
    BANK0           160      0       0
    BANK1           256      0       0
    BANK2           256      0       0
    BANK3           256      0       0
    BANK4           256      0       0
    BANK5           256      0       0
    BANK6           256      0       0
    BANK7           256      0       0
    BANK8           256      0       0
    BANK9           256      0       0
    BANK10          256      0       0
    BANK11          256      0       0
    BANK12          256      0       0
    BANK13          256      0       0
    BANK14          256      0       0
    BANK15          256      0       0

Pointer List with Targets:

    None.

Critical Paths under _main in COMRAM

    _SYSTEM_Initialize->_ECAN_Initialize

Critical Paths under _main in BANK0

    None.

Critical Paths under _main in BANK1

    None.

Critical Paths under _main in BANK2

    None.

Critical Paths under _main in BANK3

    None.

Critical Paths under _main in BANK4

    None.

Critical Paths under _main in BANK5

    None.

Critical Paths under _main in BANK6

    None.

Critical Paths under _main in BANK7

    None.

Critical Paths under _main in BANK8

    None.

Critical Paths under _main in BANK9

    None.

Critical Paths under _main in BANK10

    None.

Critical Paths under _main in BANK11

    None.

Critical Paths under _main in BANK12

    None.

Critical Paths under _main in BANK13

    None.

Critical Paths under _main in BANK14

    None.

Critical Paths under _main in BANK15

    None.

Call Graph Tables:

 ---------------------------------------------------------------------------------
 (Depth) Function   	        Calls       Base Space   Used Autos Params    Refs
 ---------------------------------------------------------------------------------
 (0) _main                                                 0     0      0       0
                  _SYSTEM_Initialize
 ---------------------------------------------------------------------------------
 (1) _SYSTEM_Initialize                                    0     0      0       0
                    _ECAN_Initialize
              _OSCILLATOR_Initialize
             _PIN_MANAGER_Initialize
                     _PMD_Initialize
                    _PWM5_Initialize
                    _PWM6_Initialize
                    _PWM7_Initialize
                    _TMR2_Initialize
 ---------------------------------------------------------------------------------
 (2) _TMR2_Initialize                                      0     0      0       0
 ---------------------------------------------------------------------------------
 (2) _PWM7_Initialize                                      0     0      0       0
 ---------------------------------------------------------------------------------
 (2) _PWM6_Initialize                                      0     0      0       0
 ---------------------------------------------------------------------------------
 (2) _PWM5_Initialize                                      0     0      0       0
 ---------------------------------------------------------------------------------
 (2) _PMD_Initialize                                       0     0      0       0
 ---------------------------------------------------------------------------------
 (2) _PIN_MANAGER_Initialize                               0     0      0       0
 ---------------------------------------------------------------------------------
 (2) _OSCILLATOR_Initialize                                0     0      0       0
 ---------------------------------------------------------------------------------
 (2) _ECAN_Initialize                                      1     1      0       0
                                              0 COMRAM     1     1      0
 ---------------------------------------------------------------------------------
 Estimated maximum stack depth 2
 ---------------------------------------------------------------------------------

 Call Graph Graphs:

 _main (ROOT)
   _SYSTEM_Initialize
     _ECAN_Initialize
     _OSCILLATOR_Initialize
     _PIN_MANAGER_Initialize
     _PMD_Initialize
     _PWM5_Initialize
     _PWM6_Initialize
     _PWM7_Initialize
     _TMR2_Initialize

 Address spaces:
Name               Size   Autos  Total    Cost      Usage
BITCOMRAM           5F      0       0       0        0.0%
EEDATA             400      0       0       0        0.0%
NULL                 0      0       0       0        0.0%
CODE                 0      0       0       0        0.0%
COMRAM              5F      1       1       1        1.1%
STACK                0      0       0       2        0.0%
DATA                 0      0       0       3        0.0%
BITBANK0            A0      0       0       4        0.0%
BANK0               A0      0       0       5        0.0%
ABS                  0      0       0       6        0.0%
BITBANK1           100      0       0       7        0.0%
BANK1              100      0       0       8        0.0%
BITBANK2           100      0       0       9        0.0%
BANK2              100      0       0      10        0.0%
BITBANK3           100      0       0      11        0.0%
BANK3              100      0       0      12        0.0%
BITBANK4           100      0       0      13        0.0%
BANK4              100      0       0      14        0.0%
BITBANK5           100      0       0      15        0.0%
BANK5              100      0       0      16        0.0%
BITBANK6           100      0       0      17        0.0%
BANK6              100      0       0      18        0.0%
BITBANK7           100      0       0      19        0.0%
BANK7              100      0       0      20        0.0%
BITBANK8           100      0       0      21        0.0%
BANK8              100      0       0      22        0.0%
BITBANK9           100      0       0      23        0.0%
BANK9              100      0       0      24        0.0%
BITBANK10          100      0       0      25        0.0%
BANK10             100      0       0      26        0.0%
BITBANK11          100      0       0      27        0.0%
BANK11             100      0       0      28        0.0%
BITBANK12          100      0       0      29        0.0%
BANK12             100      0       0      30        0.0%
BITBANK13          100      0       0      31        0.0%
BANK13             100      0       0      32        0.0%
BITBANK14          100      0       0      33        0.0%
BANK14             100      0       0      34        0.0%
BITBANK15          100      0       0      35        0.0%
BANK15             100      0       0      36        0.0%
BIGRAM             FFF      0       0      37        0.0%
BITSFR_9             0      0       0     200        0.0%
SFR_9                0      0       0     200        0.0%
BITSFR_8             0      0       0     200        0.0%
SFR_8                0      0       0     200        0.0%
BITSFR_7             0      0       0     200        0.0%
SFR_7                0      0       0     200        0.0%
BITSFR_6             0      0       0     200        0.0%
SFR_6                0      0       0     200        0.0%
BITSFR_5             0      0       0     200        0.0%
SFR_5                0      0       0     200        0.0%
BITSFR_4             0      0       0     200        0.0%
SFR_4                0      0       0     200        0.0%
BITSFR_3             0      0       0     200        0.0%
SFR_3                0      0       0     200        0.0%
BITSFR_2             0      0       0     200        0.0%
SFR_2                0      0       0     200        0.0%
BITSFR_1             0      0       0     200        0.0%
SFR_1                0      0       0     200        0.0%
BITSFR               0      0       0     200        0.0%
SFR                  0      0       0     200        0.0%


Microchip Technology PIC18 Macro Assembler V2.05 build -831301201 
Symbol Table                                                                                   Sat Aug 01 02:34:41 2020

                              l7 FE3C                      __CFG_CP$OFF 000000  
       __size_of_ECAN_Initialize 00AC                      __CFG_LVP$ON 000000  
                            _PR2 003FAB          __size_of_PMD_Initialize 0024  
                _TMR2_Initialize FEA4                    __CFG_BBEN$OFF 000000  
                   __CFG_ZCD$OFF 000000                             l1231 FF54  
                           l1247 FFEC                             _LATA 003FBA  
                           _LATB 003FBB                             _LATC 003FBC  
                           _T2PR 003FAB                             _PMD0 0039C0  
                           _PMD1 0039C1                             _PMD2 0039C2  
                           _PMD3 0039C3                             _PMD4 0039C4  
                           _PMD5 0039C5                             _PMD6 0039C6  
                           _PMD7 0039C7                             _TMR2 003FAA  
                           _WPUA 003A41                             _WPUB 003A51  
                           _WPUC 003A61                             _WPUE 003A81  
                  __CFG_FCMEN$ON 000000                             _main FE38  
                           start FFFC                  _PWM5_Initialize FE5C  
                  __CFG_CSWEN$ON 000000                     ___param_bank 000000  
 __size_of_OSCILLATOR_Initialize 0018    __end_of_OSCILLATOR_Initialize FE5C  
                          ?_main 0001                    __CFG_WDTE$OFF 000000  
                          _T2CON 003FAC                            _T2HLT 003FAD  
                 __CFG_DEBUG$OFF 000000                            _T2TMR 003FAA  
                          _T2RST 003FAF                            _OSCEN 0039DD  
                          _TRISA 003FC2                            _TRISB 003FC3  
                          _TRISC 003FC4                  _PWM6_Initialize FE74  
                  __CFG_WRTB$OFF 000000                    __CFG_WRTC$OFF 000000  
                  __CFG_WRTD$OFF 000000               __CFG_MCLRE$EXTMCLR 000000  
                          status 003FD8                  _PWM7_Initialize FE8C  
                __initialization FE3E                     __end_of_main FE3E  
                 __CFG_SAFEN$OFF 000000          __end_of_TMR2_Initialize FEC2  
                         ??_main 0002                   __CFG_PR1WAY$ON 000000  
                  __activetblptr 000000                ??_ECAN_Initialize 0001  
                         _CANCON 003F8F                           _CIOCON 003700  
                         _ANSELA 003A40                           _ANSELB 003A50  
                         _ANSELC 003A60                           _ODCONA 003A42  
                         _ODCONB 003A52                           _ODCONC 003A62  
        __end_of_PWM5_Initialize FE74                   __CFG_WDTCCS$SC 000000  
                         _INLVLA 003A44                           _INLVLB 003A54  
                         _INLVLC 003A64                           _INLVLE 003A84  
             __CFG_RSTOSC$EXTOSC 000000                           _OSCFRQ 0039DF  
                         _RXB0D0 003F86                           _RXB0D1 003F87  
                         _RXB0D2 003F88                           _RXB0D3 003F89  
                         _RXB0D4 003F8A                           _RXB1D0 0037F6  
                         _RXB0D5 003F8B                           _RXB1D1 0037F7  
                         _RXB0D6 003F8C                           _RXB1D2 0037F8  
                         _RXB0D7 003F8D                           _RXB1D3 0037F9  
                         _RXB1D4 0037FA                           _RXB1D5 0037FB  
                         _RXB1D6 0037FC                           _RXB1D7 0037FD  
                         _TXB0D0 0037E6                           _TXB0D1 0037E7  
                         _TXB0D2 0037E8                           _TXB0D3 0037E9  
                         _TXB0D4 0037EA                           _TXB1D0 0037D6  
                         _TXB0D5 0037EB                           _TXB1D1 0037D7  
                         _TXB0D6 0037EC                           _TXB1D2 0037D8  
                         _TXB0D7 0037ED                           _TXB1D3 0037D9  
                         _TXB1D4 0037DA                           _TXB2D0 0037C6  
                         _TXB1D5 0037DB                           _TXB2D1 0037C7  
                         _TXB1D6 0037DC                           _TXB2D2 0037C8  
                         _TXB1D7 0037DD                           _TXB2D3 0037C9  
                         _TXB2D4 0037CA                           _TXB2D5 0037CB  
                         _TXB2D6 0037CC                           _TXB2D7 0037CD  
                 __CFG_XINST$OFF 000000                     _CCPTMRS1bits 003F5F  
                 __CFG_STVREN$ON 000000          __end_of_PWM6_Initialize FE8C  
                 _PMD_Initialize FEE4          __end_of_PWM7_Initialize FEA4  
              _SYSTEM_Initialize FEC2                       __accesstop 0060  
        __end_of__initialization FE3E               ?_SYSTEM_Initialize 0001  
                  ___rparam_used 000001                   __pcstackCOMRAM 0001  
            ??_SYSTEM_Initialize 0002                 ?_TMR2_Initialize 0001  
         __end_of_PMD_Initialize FF08        __end_of_SYSTEM_Initialize FEE4  
                __CFG_IVT1WAY$ON 000000                 ?_PWM5_Initialize 0001  
                __CFG_MVECEN$OFF 000000                  __CFG_PPS1WAY$ON 000000  
                        _ECANCON 003F91                          _CANSTAT 003F8E  
               ?_PWM6_Initialize 0001                  ?_PMD_Initialize 0001  
                        _BRGCON1 003703                          _BRGCON2 003704  
                        _BRGCON3 003705              __CFG_PWRTS$PWRT_OFF 000000  
                        _OSCCON1 0039D9                          _OSCCON3 0039DB  
                        _RXB0DLC 003F85                          _RXB1DLC 0037F5  
                        _OSCTUNE 0039DE                          _PWM5DCH 003F6D  
                        _PWM5DCL 003F6C                          _PWM6DCH 003F69  
                        _PWM6DCL 003F68                          _PWM7DCH 003F65  
                        _PWM7DCL 003F64                          _PWM5CON 003F6E  
                        _PWM6CON 003F6A                          _PWM7CON 003F66  
                        _TXB0DLC 0037E5                          _SLRCONA 003A43  
                        _SLRCONB 003A53                          _SLRCONC 003A63  
                        _TXB1DLC 0037D5                          _TXB2DLC 0037C5  
               ?_PWM7_Initialize 0001                          __Hparam 0000  
                        __Lparam 0000                  _ECAN_Initialize FF50  
                        __pcinit FE3E                          __ramtop 1000  
                        __ptext0 FE38                          __ptext1 FEC2  
                        __ptext2 FEA4                          __ptext3 FE8C  
                        __ptext4 FE74                          __ptext5 FE5C  
                        __ptext6 FEE4                          __ptext7 FF08  
                        __ptext8 FE44                          __ptext9 FF50  
                __CFG_WRTAPP$OFF 000000            _OSCILLATOR_Initialize FE44  
                      _T2CONbits 003FAC         ??_PIN_MANAGER_Initialize 0001  
                      _T2HLTbits 003FAD                  __CFG_WRTSAF$OFF 000000  
     __size_of_SYSTEM_Initialize 0022             end_of_initialization FE3E  
                      _T2RSTbits 003FAF            __CFG_WDTCPS$WDTCPS_31 000000  
               __CFG_FEXTOSC$OFF 000000          __end_of_ECAN_Initialize FFFC  
         ?_OSCILLATOR_Initialize 0001              start_initialization FE3E  
__size_of_PIN_MANAGER_Initialize 0048                 __CFG_LPBOREN$OFF 000000  
               ??_PMD_Initialize 0001         __size_of_TMR2_Initialize 001E  
               ?_ECAN_Initialize 0001           _PIN_MANAGER_Initialize FF08  
       __size_of_PWM5_Initialize 0018           __CFG_BBSIZE$BBSIZE_512 000000  
                    _COMSTATbits 003F90         __size_of_PWM6_Initialize 0018  
                       _T2CLKCON 003FAE                         _PIE5bits 003995  
            __CFG_BORV$VBOR_2P45 000000                         _PIR4bits 0039A4  
                       _PIR5bits 0039A5                         _RXB0EIDH 003F83  
                       _RXB0EIDL 003F84                         _RXB1EIDH 0037F3  
                       _RXB1EIDL 0037F4         __size_of_PWM7_Initialize 0018  
                       _RXB0SIDH 003F81                         _RXB0SIDL 003F82  
                       _RXF0EIDH 0037A2                         _RXB1SIDH 0037F1  
                       _RXF0EIDL 0037A3                         _RXB1SIDL 0037F2  
                       _RXF1EIDH 0037A6                         _RXF1EIDL 0037A7  
                       _RXF2EIDH 0037AA                         _RXF2EIDL 0037AB  
                       _RXF3EIDH 0037AE                         _RXF3EIDL 0037AF  
                       _RXF4EIDH 0037B2                         _RXF4EIDL 0037B3  
                       _RXF5EIDH 0037B6                         _RXF5EIDL 0037B7  
                       _RXF0SIDH 0037A0                         _RXF0SIDL 0037A1  
                       _RXF1SIDH 0037A4                         _TXB0EIDH 0037E3  
                       _RXF1SIDL 0037A5                         _TXB0EIDL 0037E4  
                       _RXF2SIDH 0037A8                         _TXB1EIDH 0037D3  
                       _RXF2SIDL 0037A9                         _TXB1EIDL 0037D4  
                       _RXF3SIDH 0037AC                         _TXB2EIDH 0037C3  
                       _RXF3SIDL 0037AD                         _TXB2EIDL 0037C4  
                       _RXF4SIDH 0037B0                         _RXF4SIDL 0037B1  
                       _RXF5SIDH 0037B4                         _RXF5SIDL 0037B5  
                       _RXM0EIDH 0037BA                         _RXM0EIDL 0037BB  
                       _RXM1EIDH 0037BE                         _TXB0SIDH 0037E1  
                       _RXM1EIDL 0037BF                         _TXB0SIDL 0037E2  
                       _TXB1SIDH 0037D1                         _TXB1SIDL 0037D2  
                       _TXB2SIDH 0037C1                         _TXB2SIDL 0037C2  
                       _RXM0SIDH 0037B8                         _RXM0SIDL 0037B9  
                       _RXM1SIDH 0037BC                         _RXM1SIDL 0037BD  
              ??_TMR2_Initialize 0001                         __Hrparam 0000  
                       __Lrparam 0000               __CFG_BOREN$SBORDIS 000000  
        ??_OSCILLATOR_Initialize 0001                ??_PWM5_Initialize 0001  
              ??_PWM6_Initialize 0001                    __size_of_main 0006  
           __CFG_WDTCWS$WDTCWS_7 000000                ??_PWM7_Initialize 0001  
                    _RXB0CONbits 003F80                      _RXB1CONbits 0037F0  
        ?_PIN_MANAGER_Initialize 0001                __CFG_CLKOUTEN$OFF 000000  
                    _TXB0CONbits 0037E0                      _TXB1CONbits 0037D0  
                    _TXB2CONbits 0037C0   __end_of_PIN_MANAGER_Initialize FF50  
